<?xml version="1.0" encoding="UTF-8"?>
<testng-results ignored="0" total="4" passed="4" failed="0" skipped="0">
  <reporter-output>
  </reporter-output>
  <suite started-at="2022-08-04T22:22:29 IST" name="Login suite" finished-at="2022-08-04T22:23:04 IST" duration-ms="34860">
    <groups>
    </groups>
    <test started-at="2022-08-04T22:22:29 IST" name="BothCorrect" finished-at="2022-08-04T22:22:39 IST" duration-ms="9504">
      <class name="Parameters.BothCorrect">
        <test-method signature="loginwithBothCorrect(java.lang.String,java.lang.String)[pri:0, instance:Parameters.BothCorrect@a530d0a]" started-at="2022-08-04T22:22:29 IST" name="loginwithBothCorrect" finished-at="2022-08-04T22:22:39 IST" duration-ms="9467" status="PASS">
          <params>
            <param index="0">
              <value>
                <![CDATA[Admin]]>
              </value>
            </param>
            <param index="1">
              <value>
                <![CDATA[admin123]]>
              </value>
            </param>
          </params>
          <reporter-output>
          </reporter-output>
        </test-method> <!-- loginwithBothCorrect -->
      </class> <!-- Parameters.BothCorrect -->
    </test> <!-- BothCorrect -->
    <test started-at="2022-08-04T22:22:39 IST" name="BothWrong" finished-at="2022-08-04T22:22:47 IST" duration-ms="8346">
      <class name="Parameters.BothWrong">
        <test-method signature="loginwithBothWrong(java.lang.String,java.lang.String)[pri:0, instance:Parameters.BothWrong@73e9cf30]" started-at="2022-08-04T22:22:39 IST" name="loginwithBothWrong" finished-at="2022-08-04T22:22:47 IST" duration-ms="8342" status="PASS">
          <params>
            <param index="0">
              <value>
                <![CDATA[Admin]]>
              </value>
            </param>
            <param index="1">
              <value>
                <![CDATA[admin123]]>
              </value>
            </param>
          </params>
          <reporter-output>
          </reporter-output>
        </test-method> <!-- loginwithBothWrong -->
      </class> <!-- Parameters.BothWrong -->
    </test> <!-- BothWrong -->
    <test started-at="2022-08-04T22:22:47 IST" name="CorrectUsername" finished-at="2022-08-04T22:22:55 IST" duration-ms="8378">
      <class name="Parameters.CorrectUsername">
        <test-method signature="loginwithCorrectUsername(java.lang.String,java.lang.String)[pri:0, instance:Parameters.CorrectUsername@1ed6388a]" started-at="2022-08-04T22:22:47 IST" name="loginwithCorrectUsername" finished-at="2022-08-04T22:22:55 IST" duration-ms="8376" status="PASS">
          <params>
            <param index="0">
              <value>
                <![CDATA[Admin]]>
              </value>
            </param>
            <param index="1">
              <value>
                <![CDATA[admin123]]>
              </value>
            </param>
          </params>
          <reporter-output>
          </reporter-output>
        </test-method> <!-- loginwithCorrectUsername -->
      </class> <!-- Parameters.CorrectUsername -->
    </test> <!-- CorrectUsername -->
    <test started-at="2022-08-04T22:22:55 IST" name="CorrectPassword" finished-at="2022-08-04T22:23:04 IST" duration-ms="8551">
      <class name="Parameters.CorrectPassword">
        <test-method signature="loginwithCorrectpassword(java.lang.String,java.lang.String)[pri:0, instance:Parameters.CorrectPassword@5e600dd5]" started-at="2022-08-04T22:22:55 IST" name="loginwithCorrectpassword" finished-at="2022-08-04T22:23:04 IST" duration-ms="8551" status="PASS">
          <params>
            <param index="0">
              <value>
                <![CDATA[Admin]]>
              </value>
            </param>
            <param index="1">
              <value>
                <![CDATA[admin123]]>
              </value>
            </param>
          </params>
          <reporter-output>
          </reporter-output>
        </test-method> <!-- loginwithCorrectpassword -->
      </class> <!-- Parameters.CorrectPassword -->
    </test> <!-- CorrectPassword -->
  </suite> <!-- Login suite -->
</testng-results>
